# JRE version: OpenJDK Runtime Environment Temurin-21.0.7+6 (21.0.7+6) (build 21.0.7+6-LTS)
# Java VM: OpenJDK 64-Bit Server VM Temurin-21.0.7+6 (21.0.7+6-LTS, mixed mode, sharing, tiered, compressed oops, compressed class ptrs, parallel gc, windows-amd64)
GC Precious Log:
 CardTable entry size: 512
 CPUs: 8 total, 8 available
 Memory: 6020M
 Large Page Support: Disabled
 NUMA Support: Disabled
 Compressed Oops: Enabled (32-bit)
 Alignments: Space 512K, Generation 512K, Heap 2M
 Heap Min Capacity: 100M
 Heap Initial Capacity: 100M
 Heap Max Capacity: 1G
 Pre-touch: Disabled
 Parallel Workers: 8
Heap:
 PSYoungGen      total 4096K, used 3896K [0x00000000eab00000, 0x00000000eb100000, 0x0000000100000000)
  eden space 3072K, 100% used [0x00000000eab00000,0x00000000eae00000,0x00000000eae00000)
  from space 1024K, 80% used [0x00000000eae00000,0x00000000eaece398,0x00000000eaf00000)
  to   space 1024K, 69% used [0x00000000eb000000,0x00000000eb0b2e80,0x00000000eb100000)
 ParOldGen       total 204800K, used 204797K [0x00000000c0000000, 0x00000000cc800000, 0x00000000eab00000)
  object space 204800K, 99% used [0x00000000c0000000,0x00000000cc7ff748,0x00000000cc800000)
 Metaspace       used 56559K, committed 57728K, reserved 1114112K
  class space    used 5795K, committed 6336K, reserved 1048576K
GC Heap History (20 events):
Event: 23.195 GC heap after
{Heap after GC invocations=188 (full 2):
 PSYoungGen      total 4096K, used 959K [0x00000000eab00000, 0x00000000eb000000, 0x0000000100000000)
  eden space 3072K, 0% used [0x00000000eab00000,0x00000000eab00000,0x00000000eae00000)
  from space 1024K, 93% used [0x00000000eaf00000,0x00000000eafeff60,0x00000000eb000000)
  to   space 1024K, 0% used [0x00000000eae00000,0x00000000eae00000,0x00000000eaf00000)
 ParOldGen       total 196608K, used 196300K [0x00000000c0000000, 0x00000000cc000000, 0x00000000eab00000)
  object space 196608K, 99% used [0x00000000c0000000,0x00000000cbfb3298,0x00000000cc000000)
 Metaspace       used 56559K, committed 57728K, reserved 1114112K
  class space    used 5795K, committed 6336K, reserved 1048576K
}
Event: 23.205 GC heap before
{Heap before GC invocations=189 (full 2):
 PSYoungGen      total 4096K, used 4031K [0x00000000eab00000, 0x00000000eb000000, 0x0000000100000000)
  eden space 3072K, 100% used [0x00000000eab00000,0x00000000eae00000,0x00000000eae00000)
  from space 1024K, 93% used [0x00000000eaf00000,0x00000000eafeff60,0x00000000eb000000)
  to   space 1024K, 0% used [0x00000000eae00000,0x00000000eae00000,0x00000000eaf00000)
 ParOldGen       total 196608K, used 196300K [0x00000000c0000000, 0x00000000cc000000, 0x00000000eab00000)
  object space 196608K, 99% used [0x00000000c0000000,0x00000000cbfb3298,0x00000000cc000000)
 Metaspace       used 56559K, committed 57728K, reserved 1114112K
  class space    used 5795K, committed 6336K, reserved 1048576K
}
Event: 23.207 GC heap after
{Heap after GC invocations=189 (full 2):
 PSYoungGen      total 4096K, used 826K [0x00000000eab00000, 0x00000000eb000000, 0x0000000100000000)
  eden space 3072K, 0% used [0x00000000eab00000,0x00000000eab00000,0x00000000eae00000)
  from space 1024K, 80% used [0x00000000eae00000,0x00000000eaece810,0x00000000eaf00000)
  to   space 1024K, 0% used [0x00000000eaf00000,0x00000000eaf00000,0x00000000eb000000)
 ParOldGen       total 197120K, used 197071K [0x00000000c0000000, 0x00000000cc080000, 0x00000000eab00000)
  object space 197120K, 99% used [0x00000000c0000000,0x00000000cc073fa0,0x00000000cc080000)
 Metaspace       used 56559K, committed 57728K, reserved 1114112K
  class space    used 5795K, committed 6336K, reserved 1048576K
}
Event: 23.218 GC heap before
{Heap before GC invocations=190 (full 2):
 PSYoungGen      total 4096K, used 3896K [0x00000000eab00000, 0x00000000eb000000, 0x0000000100000000)
  eden space 3072K, 99% used [0x00000000eab00000,0x00000000eadff878,0x00000000eae00000)
  from space 1024K, 80% used [0x00000000eae00000,0x00000000eaece810,0x00000000eaf00000)
  to   space 1024K, 0% used [0x00000000eaf00000,0x00000000eaf00000,0x00000000eb000000)
 ParOldGen       total 197120K, used 197071K [0x00000000c0000000, 0x00000000cc080000, 0x00000000eab00000)
  object space 197120K, 99% used [0x00000000c0000000,0x00000000cc073fa0,0x00000000cc080000)
 Metaspace       used 56559K, committed 57728K, reserved 1114112K
  class space    used 5795K, committed 6336K, reserved 1048576K
}
Event: 23.220 GC heap after
{Heap after GC invocations=190 (full 2):
 PSYoungGen      total 4096K, used 819K [0x00000000eab00000, 0x00000000eb000000, 0x0000000100000000)
  eden space 3072K, 0% used [0x00000000eab00000,0x00000000eab00000,0x00000000eae00000)
  from space 1024K, 80% used [0x00000000eaf00000,0x00000000eafccf40,0x00000000eb000000)
  to   space 1024K, 0% used [0x00000000eae00000,0x00000000eae00000,0x00000000eaf00000)
 ParOldGen       total 198144K, used 197775K [0x00000000c0000000, 0x00000000cc180000, 0x00000000eab00000)
  object space 198144K, 99% used [0x00000000c0000000,0x00000000cc123d38,0x00000000cc180000)
 Metaspace       used 56559K, committed 57728K, reserved 1114112K
  class space    used 5795K, committed 6336K, reserved 1048576K
}
Event: 23.233 GC heap before
{Heap before GC invocations=191 (full 2):
 PSYoungGen      total 4096K, used 3891K [0x00000000eab00000, 0x00000000eb000000, 0x0000000100000000)
  eden space 3072K, 99% used [0x00000000eab00000,0x00000000eadfffe0,0x00000000eae00000)
  from space 1024K, 80% used [0x00000000eaf00000,0x00000000eafccf40,0x00000000eb000000)
  to   space 1024K, 0% used [0x00000000eae00000,0x00000000eae00000,0x00000000eaf00000)
 ParOldGen       total 198144K, used 197775K [0x00000000c0000000, 0x00000000cc180000, 0x00000000eab00000)
  object space 198144K, 99% used [0x00000000c0000000,0x00000000cc123d38,0x00000000cc180000)
 Metaspace       used 56559K, committed 57728K, reserved 1114112K
  class space    used 5795K, committed 6336K, reserved 1048576K
}
Event: 23.235 GC heap after
{Heap after GC invocations=191 (full 2):
 PSYoungGen      total 4096K, used 766K [0x00000000eab00000, 0x00000000eb000000, 0x0000000100000000)
  eden space 3072K, 0% used [0x00000000eab00000,0x00000000eab00000,0x00000000eae00000)
  from space 1024K, 74% used [0x00000000eae00000,0x00000000eaebf9a8,0x00000000eaf00000)
  to   space 1024K, 0% used [0x00000000eaf00000,0x00000000eaf00000,0x00000000eb000000)
 ParOldGen       total 198656K, used 198508K [0x00000000c0000000, 0x00000000cc200000, 0x00000000eab00000)
  object space 198656K, 99% used [0x00000000c0000000,0x00000000cc1db1b8,0x00000000cc200000)
 Metaspace       used 56559K, committed 57728K, reserved 1114112K
  class space    used 5795K, committed 6336K, reserved 1048576K
}
Event: 23.248 GC heap before
{Heap before GC invocations=192 (full 2):
 PSYoungGen      total 4096K, used 3838K [0x00000000eab00000, 0x00000000eb000000, 0x0000000100000000)
  eden space 3072K, 100% used [0x00000000eab00000,0x00000000eae00000,0x00000000eae00000)
  from space 1024K, 74% used [0x00000000eae00000,0x00000000eaebf9a8,0x00000000eaf00000)
  to   space 1024K, 0% used [0x00000000eaf00000,0x00000000eaf00000,0x00000000eb000000)
 ParOldGen       total 198656K, used 198508K [0x00000000c0000000, 0x00000000cc200000, 0x00000000eab00000)
  object space 198656K, 99% used [0x00000000c0000000,0x00000000cc1db1b8,0x00000000cc200000)
 Metaspace       used 56559K, committed 57728K, reserved 1114112K
  class space    used 5795K, committed 6336K, reserved 1048576K
}
Event: 23.250 GC heap after
{Heap after GC invocations=192 (full 2):
 PSYoungGen      total 4096K, used 890K [0x00000000eab00000, 0x00000000eb000000, 0x0000000100000000)
  eden space 3072K, 0% used [0x00000000eab00000,0x00000000eab00000,0x00000000eae00000)
  from space 1024K, 86% used [0x00000000eaf00000,0x00000000eafde830,0x00000000eb000000)
  to   space 1024K, 0% used [0x00000000eae00000,0x00000000eae00000,0x00000000eaf00000)
 ParOldGen       total 199680K, used 199212K [0x00000000c0000000, 0x00000000cc300000, 0x00000000eab00000)
  object space 199680K, 99% used [0x00000000c0000000,0x00000000cc28b220,0x00000000cc300000)
 Metaspace       used 56559K, committed 57728K, reserved 1114112K
  class space    used 5795K, committed 6336K, reserved 1048576K
}
Event: 23.261 GC heap before
{Heap before GC invocations=193 (full 2):
 PSYoungGen      total 4096K, used 3962K [0x00000000eab00000, 0x00000000eb000000, 0x0000000100000000)
  eden space 3072K, 99% used [0x00000000eab00000,0x00000000eadffff8,0x00000000eae00000)
  from space 1024K, 86% used [0x00000000eaf00000,0x00000000eafde830,0x00000000eb000000)
  to   space 1024K, 0% used [0x00000000eae00000,0x00000000eae00000,0x00000000eaf00000)
 ParOldGen       total 199680K, used 199212K [0x00000000c0000000, 0x00000000cc300000, 0x00000000eab00000)
  object space 199680K, 99% used [0x00000000c0000000,0x00000000cc28b220,0x00000000cc300000)
 Metaspace       used 56559K, committed 57728K, reserved 1114112K
  class space    used 5795K, committed 6336K, reserved 1048576K
}
Event: 23.262 GC heap after
{Heap after GC invocations=193 (full 2):
 PSYoungGen      total 4096K, used 890K [0x00000000eab00000, 0x00000000eb000000, 0x0000000100000000)
  eden space 3072K, 0% used [0x00000000eab00000,0x00000000eab00000,0x00000000eae00000)
  from space 1024K, 86% used [0x00000000eae00000,0x00000000eaede928,0x00000000eaf00000)
  to   space 1024K, 0% used [0x00000000eaf00000,0x00000000eaf00000,0x00000000eb000000)
 ParOldGen       total 200192K, used 199971K [0x00000000c0000000, 0x00000000cc380000, 0x00000000eab00000)
  object space 200192K, 99% used [0x00000000c0000000,0x00000000cc348c58,0x00000000cc380000)
 Metaspace       used 56559K, committed 57728K, reserved 1114112K
  class space    used 5795K, committed 6336K, reserved 1048576K
}
Event: 23.274 GC heap before
{Heap before GC invocations=194 (full 2):
 PSYoungGen      total 4096K, used 3962K [0x00000000eab00000, 0x00000000eb000000, 0x0000000100000000)
  eden space 3072K, 100% used [0x00000000eab00000,0x00000000eae00000,0x00000000eae00000)
  from space 1024K, 86% used [0x00000000eae00000,0x00000000eaede928,0x00000000eaf00000)
  to   space 1024K, 0% used [0x00000000eaf00000,0x00000000eaf00000,0x00000000eb000000)
 ParOldGen       total 200192K, used 199971K [0x00000000c0000000, 0x00000000cc380000, 0x00000000eab00000)
  object space 200192K, 99% used [0x00000000c0000000,0x00000000cc348c58,0x00000000cc380000)
 Metaspace       used 56559K, committed 57728K, reserved 1114112K
  class space    used 5795K, committed 6336K, reserved 1048576K
}
Event: 23.276 GC heap after
{Heap after GC invocations=194 (full 2):
 PSYoungGen      total 4096K, used 806K [0x00000000eab00000, 0x00000000eb000000, 0x0000000100000000)
  eden space 3072K, 0% used [0x00000000eab00000,0x00000000eab00000,0x00000000eae00000)
  from space 1024K, 78% used [0x00000000eaf00000,0x00000000eafc9840,0x00000000eb000000)
  to   space 1024K, 0% used [0x00000000eae00000,0x00000000eae00000,0x00000000eaf00000)
 ParOldGen       total 201216K, used 200706K [0x00000000c0000000, 0x00000000cc480000, 0x00000000eab00000)
  object space 201216K, 99% used [0x00000000c0000000,0x00000000cc400a90,0x00000000cc480000)
 Metaspace       used 56559K, committed 57728K, reserved 1114112K
  class space    used 5795K, committed 6336K, reserved 1048576K
}
Event: 23.288 GC heap before
{Heap before GC invocations=195 (full 2):
 PSYoungGen      total 4096K, used 3878K [0x00000000eab00000, 0x00000000eb000000, 0x0000000100000000)
  eden space 3072K, 100% used [0x00000000eab00000,0x00000000eae00000,0x00000000eae00000)
  from space 1024K, 78% used [0x00000000eaf00000,0x00000000eafc9840,0x00000000eb000000)
  to   space 1024K, 0% used [0x00000000eae00000,0x00000000eae00000,0x00000000eaf00000)
 ParOldGen       total 201216K, used 200706K [0x00000000c0000000, 0x00000000cc480000, 0x00000000eab00000)
  object space 201216K, 99% used [0x00000000c0000000,0x00000000cc400a90,0x00000000cc480000)
 Metaspace       used 56559K, committed 57728K, reserved 1114112K
  class space    used 5795K, committed 6336K, reserved 1048576K
}
Event: 23.290 GC heap after
{Heap after GC invocations=195 (full 2):
 PSYoungGen      total 4096K, used 832K [0x00000000eab00000, 0x00000000eb000000, 0x0000000100000000)
  eden space 3072K, 0% used [0x00000000eab00000,0x00000000eab00000,0x00000000eae00000)
  from space 1024K, 81% used [0x00000000eae00000,0x00000000eaed0170,0x00000000eaf00000)
  to   space 1024K, 0% used [0x00000000eaf00000,0x00000000eaf00000,0x00000000eb000000)
 ParOldGen       total 201728K, used 201418K [0x00000000c0000000, 0x00000000cc500000, 0x00000000eab00000)
  object space 201728K, 99% used [0x00000000c0000000,0x00000000cc4b2a00,0x00000000cc500000)
 Metaspace       used 56559K, committed 57728K, reserved 1114112K
  class space    used 5795K, committed 6336K, reserved 1048576K
}
Event: 23.302 GC heap before
{Heap before GC invocations=196 (full 2):
 PSYoungGen      total 4096K, used 3904K [0x00000000eab00000, 0x00000000eb000000, 0x0000000100000000)
  eden space 3072K, 100% used [0x00000000eab00000,0x00000000eae00000,0x00000000eae00000)
  from space 1024K, 81% used [0x00000000eae00000,0x00000000eaed0170,0x00000000eaf00000)
  to   space 1024K, 0% used [0x00000000eaf00000,0x00000000eaf00000,0x00000000eb000000)
 ParOldGen       total 201728K, used 201418K [0x00000000c0000000, 0x00000000cc500000, 0x00000000eab00000)
  object space 201728K, 99% used [0x00000000c0000000,0x00000000cc4b2a00,0x00000000cc500000)
 Metaspace       used 56559K, committed 57728K, reserved 1114112K
  class space    used 5795K, committed 6336K, reserved 1048576K
}
Event: 23.303 GC heap after
{Heap after GC invocations=196 (full 2):
 PSYoungGen      total 4096K, used 821K [0x00000000eab00000, 0x00000000eb000000, 0x0000000100000000)
  eden space 3072K, 0% used [0x00000000eab00000,0x00000000eab00000,0x00000000eae00000)
  from space 1024K, 80% used [0x00000000eaf00000,0x00000000eafcd558,0x00000000eb000000)
  to   space 1024K, 0% used [0x00000000eae00000,0x00000000eae00000,0x00000000eaf00000)
 ParOldGen       total 202240K, used 202103K [0x00000000c0000000, 0x00000000cc580000, 0x00000000eab00000)
  object space 202240K, 99% used [0x00000000c0000000,0x00000000cc55dda0,0x00000000cc580000)
 Metaspace       used 56559K, committed 57728K, reserved 1114112K
  class space    used 5795K, committed 6336K, reserved 1048576K
}
Event: 23.316 GC heap before
{Heap before GC invocations=197 (full 2):
 PSYoungGen      total 4096K, used 3893K [0x00000000eab00000, 0x00000000eb000000, 0x0000000100000000)
  eden space 3072K, 100% used [0x00000000eab00000,0x00000000eae00000,0x00000000eae00000)
  from space 1024K, 80% used [0x00000000eaf00000,0x00000000eafcd558,0x00000000eb000000)
  to   space 1024K, 0% used [0x00000000eae00000,0x00000000eae00000,0x00000000eaf00000)
 ParOldGen       total 202240K, used 202103K [0x00000000c0000000, 0x00000000cc580000, 0x00000000eab00000)
  object space 202240K, 99% used [0x00000000c0000000,0x00000000cc55dda0,0x00000000cc580000)
 Metaspace       used 56559K, committed 57728K, reserved 1114112K
  class space    used 5795K, committed 6336K, reserved 1048576K
}
Event: 23.318 GC heap after
{Heap after GC invocations=197 (full 2):
 PSYoungGen      total 4096K, used 821K [0x00000000eab00000, 0x00000000eb000000, 0x0000000100000000)
  eden space 3072K, 0% used [0x00000000eab00000,0x00000000eab00000,0x00000000eae00000)
  from space 1024K, 80% used [0x00000000eae00000,0x00000000eaecd510,0x00000000eaf00000)
  to   space 1024K, 0% used [0x00000000eaf00000,0x00000000eaf00000,0x00000000eb000000)
 ParOldGen       total 203264K, used 202785K [0x00000000c0000000, 0x00000000cc680000, 0x00000000eab00000)
  object space 203264K, 99% used [0x00000000c0000000,0x00000000cc608428,0x00000000cc680000)
 Metaspace       used 56559K, committed 57728K, reserved 1114112K
  class space    used 5795K, committed 6336K, reserved 1048576K
}
Event: 23.330 GC heap before
{Heap before GC invocations=198 (full 2):
 PSYoungGen      total 4096K, used 3893K [0x00000000eab00000, 0x00000000eb000000, 0x0000000100000000)
  eden space 3072K, 100% used [0x00000000eab00000,0x00000000eae00000,0x00000000eae00000)
  from space 1024K, 80% used [0x00000000eae00000,0x00000000eaecd510,0x00000000eaf00000)
  to   space 1024K, 0% used [0x00000000eaf00000,0x00000000eaf00000,0x00000000eb000000)
 ParOldGen       total 203264K, used 202785K [0x00000000c0000000, 0x00000000cc680000, 0x00000000eab00000)
  object space 203264K, 99% used [0x00000000c0000000,0x00000000cc608428,0x00000000cc680000)
 Metaspace       used 56559K, committed 57728K, reserved 1114112K
  class space    used 5795K, committed 6336K, reserved 1048576K
}

