# JRE version: OpenJDK Runtime Environment Temurin-21.0.7+6 (21.0.7+6) (build 21.0.7+6-LTS)
# Java VM: OpenJDK 64-Bit Server VM Temurin-21.0.7+6 (21.0.7+6-LTS, mixed mode, sharing, tiered, compressed oops, compressed class ptrs, parallel gc, windows-amd64)
GC Precious Log:
 CardTable entry size: 512
 CPUs: 8 total, 8 available
 Memory: 6020M
 Large Page Support: Disabled
 NUMA Support: Disabled
 Compressed Oops: Enabled (32-bit)
 Alignments: Space 512K, Generation 512K, Heap 2M
 Heap Min Capacity: 100M
 Heap Initial Capacity: 100M
 Heap Max Capacity: 1G
 Pre-touch: Disabled
 Parallel Workers: 8
Heap:
 PSYoungGen      total 10752K, used 10568K [0x00000000eab00000, 0x00000000eb780000, 0x0000000100000000)
  eden space 8704K, 100% used [0x00000000eab00000,0x00000000eb380000,0x00000000eb380000)
  from space 2048K, 91% used [0x00000000eb580000,0x00000000eb752140,0x00000000eb780000)
  to   space 2048K, 0% used [0x00000000eb380000,0x00000000eb380000,0x00000000eb580000)
 ParOldGen       total 164352K, used 164351K [0x00000000c0000000, 0x00000000ca080000, 0x00000000eab00000)
  object space 164352K, 99% used [0x00000000c0000000,0x00000000ca07fff8,0x00000000ca080000)
 Metaspace       used 52751K, committed 54016K, reserved 1114112K
  class space    used 5485K, committed 6016K, reserved 1048576K
GC Heap History (20 events):
Event: 14.449 GC heap before
{Heap before GC invocations=73 (full 2):
 PSYoungGen      total 12288K, used 11941K [0x00000000eab00000, 0x00000000eb980000, 0x0000000100000000)
  eden space 10240K, 100% used [0x00000000eab00000,0x00000000eb500000,0x00000000eb500000)
  from space 2048K, 83% used [0x00000000eb780000,0x00000000eb929598,0x00000000eb980000)
  to   space 2048K, 0% used [0x00000000eb580000,0x00000000eb580000,0x00000000eb780000)
 ParOldGen       total 146432K, used 146215K [0x00000000c0000000, 0x00000000c8f00000, 0x00000000eab00000)
  object space 146432K, 99% used [0x00000000c0000000,0x00000000c8ec9dc0,0x00000000c8f00000)
 Metaspace       used 52229K, committed 53440K, reserved 1114112K
  class space    used 5431K, committed 5952K, reserved 1048576K
}
Event: 14.452 GC heap after
{Heap after GC invocations=73 (full 2):
 PSYoungGen      total 12288K, used 1966K [0x00000000eab00000, 0x00000000eb900000, 0x0000000100000000)
  eden space 10240K, 0% used [0x00000000eab00000,0x00000000eab00000,0x00000000eb500000)
  from space 2048K, 96% used [0x00000000eb580000,0x00000000eb76bbd8,0x00000000eb780000)
  to   space 1536K, 0% used [0x00000000eb780000,0x00000000eb780000,0x00000000eb900000)
 ParOldGen       total 147968K, used 147788K [0x00000000c0000000, 0x00000000c9080000, 0x00000000eab00000)
  object space 147968K, 99% used [0x00000000c0000000,0x00000000c9053000,0x00000000c9080000)
 Metaspace       used 52229K, committed 53440K, reserved 1114112K
  class space    used 5431K, committed 5952K, reserved 1048576K
}
Event: 14.511 GC heap before
{Heap before GC invocations=74 (full 2):
 PSYoungGen      total 12288K, used 12206K [0x00000000eab00000, 0x00000000eb900000, 0x0000000100000000)
  eden space 10240K, 100% used [0x00000000eab00000,0x00000000eb500000,0x00000000eb500000)
  from space 2048K, 96% used [0x00000000eb580000,0x00000000eb76bbd8,0x00000000eb780000)
  to   space 1536K, 0% used [0x00000000eb780000,0x00000000eb780000,0x00000000eb900000)
 ParOldGen       total 147968K, used 147788K [0x00000000c0000000, 0x00000000c9080000, 0x00000000eab00000)
  object space 147968K, 99% used [0x00000000c0000000,0x00000000c9053000,0x00000000c9080000)
 Metaspace       used 52258K, committed 53504K, reserved 1114112K
  class space    used 5444K, committed 6016K, reserved 1048576K
}
Event: 14.514 GC heap after
{Heap after GC invocations=74 (full 2):
 PSYoungGen      total 10240K, used 1536K [0x00000000eab00000, 0x00000000ebd00000, 0x0000000100000000)
  eden space 8704K, 0% used [0x00000000eab00000,0x00000000eab00000,0x00000000eb380000)
  from space 1536K, 100% used [0x00000000eb780000,0x00000000eb900000,0x00000000eb900000)
  to   space 4096K, 0% used [0x00000000eb380000,0x00000000eb380000,0x00000000eb780000)
 ParOldGen       total 150016K, used 149875K [0x00000000c0000000, 0x00000000c9280000, 0x00000000eab00000)
  object space 150016K, 99% used [0x00000000c0000000,0x00000000c925cd68,0x00000000c9280000)
 Metaspace       used 52258K, committed 53504K, reserved 1114112K
  class space    used 5444K, committed 6016K, reserved 1048576K
}
Event: 14.550 GC heap before
{Heap before GC invocations=75 (full 2):
 PSYoungGen      total 10240K, used 10240K [0x00000000eab00000, 0x00000000ebd00000, 0x0000000100000000)
  eden space 8704K, 100% used [0x00000000eab00000,0x00000000eb380000,0x00000000eb380000)
  from space 1536K, 100% used [0x00000000eb780000,0x00000000eb900000,0x00000000eb900000)
  to   space 4096K, 0% used [0x00000000eb380000,0x00000000eb380000,0x00000000eb780000)
 ParOldGen       total 150016K, used 149875K [0x00000000c0000000, 0x00000000c9280000, 0x00000000eab00000)
  object space 150016K, 99% used [0x00000000c0000000,0x00000000c925cd68,0x00000000c9280000)
 Metaspace       used 52283K, committed 53504K, reserved 1114112K
  class space    used 5449K, committed 6016K, reserved 1048576K
}
Event: 14.553 GC heap after
{Heap after GC invocations=75 (full 2):
 PSYoungGen      total 10752K, used 1975K [0x00000000eab00000, 0x00000000eb980000, 0x0000000100000000)
  eden space 8704K, 0% used [0x00000000eab00000,0x00000000eab00000,0x00000000eb380000)
  from space 2048K, 96% used [0x00000000eb380000,0x00000000eb56dda8,0x00000000eb580000)
  to   space 3072K, 0% used [0x00000000eb680000,0x00000000eb680000,0x00000000eb980000)
 ParOldGen       total 151552K, used 151347K [0x00000000c0000000, 0x00000000c9400000, 0x00000000eab00000)
  object space 151552K, 99% used [0x00000000c0000000,0x00000000c93ccda0,0x00000000c9400000)
 Metaspace       used 52283K, committed 53504K, reserved 1114112K
  class space    used 5449K, committed 6016K, reserved 1048576K
}
Event: 14.591 GC heap before
{Heap before GC invocations=76 (full 2):
 PSYoungGen      total 10752K, used 10679K [0x00000000eab00000, 0x00000000eb980000, 0x0000000100000000)
  eden space 8704K, 100% used [0x00000000eab00000,0x00000000eb380000,0x00000000eb380000)
  from space 2048K, 96% used [0x00000000eb380000,0x00000000eb56dda8,0x00000000eb580000)
  to   space 3072K, 0% used [0x00000000eb680000,0x00000000eb680000,0x00000000eb980000)
 ParOldGen       total 151552K, used 151347K [0x00000000c0000000, 0x00000000c9400000, 0x00000000eab00000)
  object space 151552K, 99% used [0x00000000c0000000,0x00000000c93ccda0,0x00000000c9400000)
 Metaspace       used 52336K, committed 53568K, reserved 1114112K
  class space    used 5455K, committed 6016K, reserved 1048576K
}
Event: 14.595 GC heap after
{Heap after GC invocations=76 (full 2):
 PSYoungGen      total 10752K, used 2019K [0x00000000eab00000, 0x00000000eb880000, 0x0000000100000000)
  eden space 8704K, 0% used [0x00000000eab00000,0x00000000eab00000,0x00000000eb380000)
  from space 2048K, 98% used [0x00000000eb680000,0x00000000eb878cd0,0x00000000eb880000)
  to   space 2560K, 0% used [0x00000000eb380000,0x00000000eb380000,0x00000000eb600000)
 ParOldGen       total 153600K, used 153114K [0x00000000c0000000, 0x00000000c9600000, 0x00000000eab00000)
  object space 153600K, 99% used [0x00000000c0000000,0x00000000c95868e0,0x00000000c9600000)
 Metaspace       used 52336K, committed 53568K, reserved 1114112K
  class space    used 5455K, committed 6016K, reserved 1048576K
}
Event: 14.635 GC heap before
{Heap before GC invocations=77 (full 2):
 PSYoungGen      total 10752K, used 10723K [0x00000000eab00000, 0x00000000eb880000, 0x0000000100000000)
  eden space 8704K, 100% used [0x00000000eab00000,0x00000000eb380000,0x00000000eb380000)
  from space 2048K, 98% used [0x00000000eb680000,0x00000000eb878cd0,0x00000000eb880000)
  to   space 2560K, 0% used [0x00000000eb380000,0x00000000eb380000,0x00000000eb600000)
 ParOldGen       total 153600K, used 153114K [0x00000000c0000000, 0x00000000c9600000, 0x00000000eab00000)
  object space 153600K, 99% used [0x00000000c0000000,0x00000000c95868e0,0x00000000c9600000)
 Metaspace       used 52380K, committed 53568K, reserved 1114112K
  class space    used 5461K, committed 6016K, reserved 1048576K
}
Event: 14.638 GC heap after
{Heap after GC invocations=77 (full 2):
 PSYoungGen      total 10752K, used 1980K [0x00000000eab00000, 0x00000000eb780000, 0x0000000100000000)
  eden space 8704K, 0% used [0x00000000eab00000,0x00000000eab00000,0x00000000eb380000)
  from space 2048K, 96% used [0x00000000eb380000,0x00000000eb56f2e0,0x00000000eb580000)
  to   space 2048K, 0% used [0x00000000eb580000,0x00000000eb580000,0x00000000eb780000)
 ParOldGen       total 155136K, used 154870K [0x00000000c0000000, 0x00000000c9780000, 0x00000000eab00000)
  object space 155136K, 99% used [0x00000000c0000000,0x00000000c973da90,0x00000000c9780000)
 Metaspace       used 52380K, committed 53568K, reserved 1114112K
  class space    used 5461K, committed 6016K, reserved 1048576K
}
Event: 14.679 GC heap before
{Heap before GC invocations=78 (full 2):
 PSYoungGen      total 10752K, used 10684K [0x00000000eab00000, 0x00000000eb780000, 0x0000000100000000)
  eden space 8704K, 100% used [0x00000000eab00000,0x00000000eb380000,0x00000000eb380000)
  from space 2048K, 96% used [0x00000000eb380000,0x00000000eb56f2e0,0x00000000eb580000)
  to   space 2048K, 0% used [0x00000000eb580000,0x00000000eb580000,0x00000000eb780000)
 ParOldGen       total 155136K, used 154870K [0x00000000c0000000, 0x00000000c9780000, 0x00000000eab00000)
  object space 155136K, 99% used [0x00000000c0000000,0x00000000c973da90,0x00000000c9780000)
 Metaspace       used 52406K, committed 53696K, reserved 1114112K
  class space    used 5465K, committed 6016K, reserved 1048576K
}
Event: 14.684 GC heap after
{Heap after GC invocations=78 (full 2):
 PSYoungGen      total 10752K, used 1921K [0x00000000eab00000, 0x00000000eb780000, 0x0000000100000000)
  eden space 8704K, 0% used [0x00000000eab00000,0x00000000eab00000,0x00000000eb380000)
  from space 2048K, 93% used [0x00000000eb580000,0x00000000eb760620,0x00000000eb780000)
  to   space 2048K, 0% used [0x00000000eb380000,0x00000000eb380000,0x00000000eb580000)
 ParOldGen       total 157184K, used 156678K [0x00000000c0000000, 0x00000000c9980000, 0x00000000eab00000)
  object space 157184K, 99% used [0x00000000c0000000,0x00000000c9901ab8,0x00000000c9980000)
 Metaspace       used 52406K, committed 53696K, reserved 1114112K
  class space    used 5465K, committed 6016K, reserved 1048576K
}
Event: 14.722 GC heap before
{Heap before GC invocations=79 (full 2):
 PSYoungGen      total 10752K, used 10625K [0x00000000eab00000, 0x00000000eb780000, 0x0000000100000000)
  eden space 8704K, 100% used [0x00000000eab00000,0x00000000eb380000,0x00000000eb380000)
  from space 2048K, 93% used [0x00000000eb580000,0x00000000eb760620,0x00000000eb780000)
  to   space 2048K, 0% used [0x00000000eb380000,0x00000000eb380000,0x00000000eb580000)
 ParOldGen       total 157184K, used 156678K [0x00000000c0000000, 0x00000000c9980000, 0x00000000eab00000)
  object space 157184K, 99% used [0x00000000c0000000,0x00000000c9901ab8,0x00000000c9980000)
 Metaspace       used 52489K, committed 53760K, reserved 1114112K
  class space    used 5468K, committed 6016K, reserved 1048576K
}
Event: 14.726 GC heap after
{Heap after GC invocations=79 (full 2):
 PSYoungGen      total 10752K, used 2031K [0x00000000eab00000, 0x00000000eb880000, 0x0000000100000000)
  eden space 8704K, 0% used [0x00000000eab00000,0x00000000eab00000,0x00000000eb380000)
  from space 2048K, 99% used [0x00000000eb380000,0x00000000eb57bfc8,0x00000000eb580000)
  to   space 2560K, 0% used [0x00000000eb600000,0x00000000eb600000,0x00000000eb880000)
 ParOldGen       total 158720K, used 158498K [0x00000000c0000000, 0x00000000c9b00000, 0x00000000eab00000)
  object space 158720K, 99% used [0x00000000c0000000,0x00000000c9ac8a50,0x00000000c9b00000)
 Metaspace       used 52489K, committed 53760K, reserved 1114112K
  class space    used 5468K, committed 6016K, reserved 1048576K
}
Event: 14.770 GC heap before
{Heap before GC invocations=80 (full 2):
 PSYoungGen      total 10752K, used 10735K [0x00000000eab00000, 0x00000000eb880000, 0x0000000100000000)
  eden space 8704K, 100% used [0x00000000eab00000,0x00000000eb380000,0x00000000eb380000)
  from space 2048K, 99% used [0x00000000eb380000,0x00000000eb57bfc8,0x00000000eb580000)
  to   space 2560K, 0% used [0x00000000eb600000,0x00000000eb600000,0x00000000eb880000)
 ParOldGen       total 158720K, used 158498K [0x00000000c0000000, 0x00000000c9b00000, 0x00000000eab00000)
  object space 158720K, 99% used [0x00000000c0000000,0x00000000c9ac8a50,0x00000000c9b00000)
 Metaspace       used 52547K, committed 53824K, reserved 1114112K
  class space    used 5470K, committed 6016K, reserved 1048576K
}
Event: 14.774 GC heap after
{Heap after GC invocations=80 (full 2):
 PSYoungGen      total 11264K, used 2044K [0x00000000eab00000, 0x00000000eb880000, 0x0000000100000000)
  eden space 8704K, 0% used [0x00000000eab00000,0x00000000eab00000,0x00000000eb380000)
  from space 2560K, 79% used [0x00000000eb600000,0x00000000eb7ff0e0,0x00000000eb880000)
  to   space 2560K, 0% used [0x00000000eb380000,0x00000000eb380000,0x00000000eb600000)
 ParOldGen       total 160768K, used 160331K [0x00000000c0000000, 0x00000000c9d00000, 0x00000000eab00000)
  object space 160768K, 99% used [0x00000000c0000000,0x00000000c9c92eb0,0x00000000c9d00000)
 Metaspace       used 52547K, committed 53824K, reserved 1114112K
  class space    used 5470K, committed 6016K, reserved 1048576K
}
Event: 14.810 GC heap before
{Heap before GC invocations=81 (full 2):
 PSYoungGen      total 11264K, used 10748K [0x00000000eab00000, 0x00000000eb880000, 0x0000000100000000)
  eden space 8704K, 100% used [0x00000000eab00000,0x00000000eb380000,0x00000000eb380000)
  from space 2560K, 79% used [0x00000000eb600000,0x00000000eb7ff0e0,0x00000000eb880000)
  to   space 2560K, 0% used [0x00000000eb380000,0x00000000eb380000,0x00000000eb600000)
 ParOldGen       total 160768K, used 160331K [0x00000000c0000000, 0x00000000c9d00000, 0x00000000eab00000)
  object space 160768K, 99% used [0x00000000c0000000,0x00000000c9c92eb0,0x00000000c9d00000)
 Metaspace       used 52597K, committed 53824K, reserved 1114112K
  class space    used 5477K, committed 6016K, reserved 1048576K
}
Event: 14.814 GC heap after
{Heap after GC invocations=81 (full 2):
 PSYoungGen      total 10752K, used 1838K [0x00000000eab00000, 0x00000000eb780000, 0x0000000100000000)
  eden space 8704K, 0% used [0x00000000eab00000,0x00000000eab00000,0x00000000eb380000)
  from space 2048K, 89% used [0x00000000eb380000,0x00000000eb54b930,0x00000000eb580000)
  to   space 2048K, 0% used [0x00000000eb580000,0x00000000eb580000,0x00000000eb780000)
 ParOldGen       total 162304K, used 162214K [0x00000000c0000000, 0x00000000c9e80000, 0x00000000eab00000)
  object space 162304K, 99% used [0x00000000c0000000,0x00000000c9e69b28,0x00000000c9e80000)
 Metaspace       used 52597K, committed 53824K, reserved 1114112K
  class space    used 5477K, committed 6016K, reserved 1048576K
}
Event: 14.851 GC heap before
{Heap before GC invocations=82 (full 2):
 PSYoungGen      total 10752K, used 10542K [0x00000000eab00000, 0x00000000eb780000, 0x0000000100000000)
  eden space 8704K, 100% used [0x00000000eab00000,0x00000000eb380000,0x00000000eb380000)
  from space 2048K, 89% used [0x00000000eb380000,0x00000000eb54b930,0x00000000eb580000)
  to   space 2048K, 0% used [0x00000000eb580000,0x00000000eb580000,0x00000000eb780000)
 ParOldGen       total 162304K, used 162214K [0x00000000c0000000, 0x00000000c9e80000, 0x00000000eab00000)
  object space 162304K, 99% used [0x00000000c0000000,0x00000000c9e69b28,0x00000000c9e80000)
 Metaspace       used 52718K, committed 53952K, reserved 1114112K
  class space    used 5482K, committed 6016K, reserved 1048576K
}
Event: 14.855 GC heap after
{Heap after GC invocations=82 (full 2):
 PSYoungGen      total 10752K, used 1864K [0x00000000eab00000, 0x00000000eb780000, 0x0000000100000000)
  eden space 8704K, 0% used [0x00000000eab00000,0x00000000eab00000,0x00000000eb380000)
  from space 2048K, 91% used [0x00000000eb580000,0x00000000eb752140,0x00000000eb780000)
  to   space 2048K, 0% used [0x00000000eb380000,0x00000000eb380000,0x00000000eb580000)
 ParOldGen       total 164352K, used 163893K [0x00000000c0000000, 0x00000000ca080000, 0x00000000eab00000)
  object space 164352K, 99% used [0x00000000c0000000,0x00000000ca00d700,0x00000000ca080000)
 Metaspace       used 52718K, committed 53952K, reserved 1114112K
  class space    used 5482K, committed 6016K, reserved 1048576K
}

